<?xml version="1.0" encoding="UTF-8"?>
<!-- Generated by org.testng.reporters.JUnitReportReporter -->
<testsuite skipped="0" hostname="GGN000174216001" name="com.restassured.testcases.CreateCustomerTest" tests="3" failures="0" timestamp="25 Dec 2019 13:10:57 GMT" time="11.628" errors="0">
  <testcase name="validateCreateCustomerAPIWithValidSecretkey" time="3.877" classname="com.restassured.testcases.CreateCustomerTest"/>
  <testcase name="validateCreateCustomerAPIWithValidSecretkey" time="3.872" classname="com.restassured.testcases.CreateCustomerTest"/>
  <testcase name="validateCreateCustomerAPIWithValidSecretkey" time="3.879" classname="com.restassured.testcases.CreateCustomerTest"/>
</testsuite> <!-- com.restassured.testcases.CreateCustomerTest -->
